<?xml version="1.0" encoding="UTF-8"?>
<testsuite xmlns:xsi="http://www.w3.org/2001/XMLSchema-instance" xsi:noNamespaceSchemaLocation="https://maven.apache.org/surefire/maven-surefire-plugin/xsd/surefire-test-report-3.0.xsd" version="3.0" name="com.ulp.parameterMailTest" time="0.251" tests="5" errors="0" skipped="0" failures="0">
  <properties>
[...]
</properties>
  <testcase name="testValidarEmail(String, boolean)[1]" classname="com.ulp.parameterMailTest" time="0.085">
    <system-out><![CDATA[Validando Mail: jorgesys@tototita.com  true
]]></system-out>
  </testcase>
  <testcase name="testValidarEmail(String, boolean)[2]" classname="com.ulp.parameterMailTest" time="0.003">
    <system-out><![CDATA[Validando Mail: jorgesys@tototitacom  false
]]></system-out>
  </testcase>
  <testcase name="testValidarEmail(String, boolean)[3]" classname="com.ulp.parameterMailTest" time="0.003">
    <system-out><![CDATA[Validando Mail: jorgesystototita.com  false
]]></system-out>
  </testcase>
  <testcase name="testValidarEmail(String, boolean)[4]" classname="com.ulp.parameterMailTest" time="0.004">
    <system-out><![CDATA[Validando Mail: @jorgesystototita.com  false
]]></system-out>
  </testcase>
  <testcase name="testValidarEmail(String, boolean)[5]" classname="com.ulp.parameterMailTest" time="0.003">
    <system-out><![CDATA[Validando Mail: .jorgesystototita@com  false
]]></system-out>
  </testcase>
</testsuite>