<?xml version="1.0" encoding="UTF-8"?>
<testsuite xmlns:xsi="http://www.w3.org/2001/XMLSchema-instance" xsi:noNamespaceSchemaLocation="https://maven.apache.org/surefire/maven-surefire-plugin/xsd/surefire-test-report-3.0.xsd" version="3.0" name="com.ulp.usuarioTest" time="0.105" tests="5" errors="0" skipped="0" failures="2">
  <properties>
[...]
</properties>
  <testcase name="testCambioPass" classname="com.ulp.usuarioTest" time="0.011">
    <system-out><![CDATA[TEST de usuario
----------------------------------------
Ejecutando Test Numero: 1
cambiopass
Nuevo Pass 1234
----------------------------------------
]]></system-out>
  </testcase>
  <testcase name="testDelay" classname="com.ulp.usuarioTest" time="0.059">
    <failure message="execution timed out after 30 ms" type="org.opentest4j.AssertionFailedError"><![CDATA[org.opentest4j.AssertionFailedError: execution timed out after 30 ms
	at org.junit.jupiter.api.AssertionFailureBuilder.build(AssertionFailureBuilder.java:152)
	at org.junit.jupiter.api.AssertTimeoutPreemptively.createAssertionFailure(AssertTimeoutPreemptively.java:132)
	at org.junit.jupiter.api.AssertTimeoutPreemptively.resolveFutureAndHandleException(AssertTimeoutPreemptively.java:116)
	at org.junit.jupiter.api.AssertTimeoutPreemptively.assertTimeoutPreemptively(AssertTimeoutPreemptively.java:82)
	at org.junit.jupiter.api.AssertTimeoutPreemptively.assertTimeoutPreemptively(AssertTimeoutPreemptively.java:65)
	at org.junit.jupiter.api.AssertTimeoutPreemptively.assertTimeoutPreemptively(AssertTimeoutPreemptively.java:47)
	at org.junit.jupiter.api.AssertTimeoutPreemptively.assertTimeoutPreemptively(AssertTimeoutPreemptively.java:43)
	at org.junit.jupiter.api.Assertions.assertTimeoutPreemptively(Assertions.java:3428)
	at com.ulp.usuarioTest.testDelay(usuarioTest.java:77)
	at java.base/java.lang.reflect.Method.invoke(Method.java:580)
	at java.base/java.util.ArrayList.forEach(ArrayList.java:1597)
	at java.base/java.util.ArrayList.forEach(ArrayList.java:1597)
Caused by: org.junit.jupiter.api.AssertTimeoutPreemptively$ExecutionTimeoutException: Execution timed out in thread junit-timeout-thread-1
	at java.base/java.lang.Thread.sleepNanos0(Native Method)
	at java.base/java.lang.Thread.sleepNanos(Thread.java:496)
	at java.base/java.lang.Thread.sleep(Thread.java:527)
	at com.ulp.usuario.delay(usuario.java:31)
	at com.ulp.usuarioTest.lambda$testDelay$0(usuarioTest.java:78)
	at java.base/java.util.concurrent.FutureTask.run(FutureTask.java:317)
	at java.base/java.util.concurrent.ThreadPoolExecutor.runWorker(ThreadPoolExecutor.java:1144)
	at java.base/java.util.concurrent.ThreadPoolExecutor$Worker.run(ThreadPoolExecutor.java:642)
	at java.base/java.lang.Thread.run(Thread.java:1575)
]]></failure>
    <system-out><![CDATA[----------------------------------------
Ejecutando Test Numero: 2
delay
----------------------------------------
Delay de 50 milisegundos
]]></system-out>
  </testcase>
  <testcase name="testValidarUsr" classname="com.ulp.usuarioTest" time="0.004">
    <failure message="expected: &lt;true&gt; but was: &lt;false&gt;" type="org.opentest4j.AssertionFailedError"><![CDATA[org.opentest4j.AssertionFailedError: expected: <true> but was: <false>
	at org.junit.jupiter.api.AssertionFailureBuilder.build(AssertionFailureBuilder.java:151)
	at org.junit.jupiter.api.AssertionFailureBuilder.buildAndThrow(AssertionFailureBuilder.java:132)
	at org.junit.jupiter.api.AssertTrue.failNotTrue(AssertTrue.java:63)
	at org.junit.jupiter.api.AssertTrue.assertTrue(AssertTrue.java:36)
	at org.junit.jupiter.api.AssertTrue.assertTrue(AssertTrue.java:31)
	at org.junit.jupiter.api.Assertions.assertTrue(Assertions.java:183)
	at com.ulp.usuarioTest.testValidarUsr(usuarioTest.java:53)
	at java.base/java.lang.reflect.Method.invoke(Method.java:580)
	at java.base/java.util.ArrayList.forEach(ArrayList.java:1597)
	at java.base/java.util.ArrayList.forEach(ArrayList.java:1597)
]]></failure>
    <system-out><![CDATA[----------------------------------------
Ejecutando Test Numero: 3
validarPassword
----------------------------------------
]]></system-out>
  </testcase>
  <testcase name="testUsuariosDiferentes" classname="com.ulp.usuarioTest" time="0.004">
    <system-out><![CDATA[----------------------------------------
Ejecutando Test Numero: 4
UsuariosDiferentes? false
----------------------------------------
]]></system-out>
  </testcase>
  <testcase name="testValidarEmail" classname="com.ulp.usuarioTest" time="0.002">
    <system-out><![CDATA[----------------------------------------
Ejecutando Test Numero: 5
----------------------------------------
]]></system-out>
  </testcase>
</testsuite>